______ clfs_store
总用量 14244
drwxrwxr-x 3 iterator iterator    4096 1月  11 16:06 ..
-rw-rw-r-- 1 iterator iterator 3200300 1月  11 16:05 25.dat
-rw-rw-r-- 1 iterator iterator       8 1月  11 16:05 24.dat
-rw-rw-r-- 1 iterator iterator 3092280 1月  11 16:05 23.dat
-rw-rw-r-- 1 iterator iterator       0 1月  11 16:05 22.dat
-rw-rw-r-- 1 iterator iterator       0 1月  11 16:05 21.dat
-rw-rw-r-- 1 iterator iterator 3115640 1月  11 16:05 20.dat
-rw-rw-r-- 1 iterator iterator 2918540 1月  11 16:05 19.dat
-rw-rw-r-- 1 iterator iterator       0 1月  11 16:05 18.dat
-rw-rw-r-- 1 iterator iterator       0 1月  11 16:05 16.dat
-rw-rw-r-- 1 iterator iterator       0 1月  11 16:05 15.dat
-rw-rw-r-- 1 iterator iterator       0 1月  11 16:05 14.dat
-rw-rw-r-- 1 iterator iterator       0 1月  11 16:05 13.dat
-rw-rw-r-- 1 iterator iterator 2238180 1月  11 16:03 17.dat
drwxrwxr-x 2 iterator iterator    4096 1月  10 23:32 .
______ clfs_store/25.dat
tee
thirtee
______ clfs_store/24.dat
twelve 
______ clfs_store/23.dat
eleven 
eleven 
______ clfs_store/22.dat
______ clfs_store/21.dat
______ clfs_store/20.dat
eight  
eight  
______ clfs_store/19.dat
seven  
seven  
______ clfs_store/18.dat
______ clfs_store/16.dat
______ clfs_store/15.dat
______ clfs_store/14.dat
______ clfs_store/13.dat
______ clfs_store/17.dat
five   
five   
